This file contains any messages produced by compilers while
running configure, to aid debugging if configure makes a mistake.

It was created by leptonica configure 1.69, which was
generated by GNU Autoconf 2.68.  Invocation command line was

  $ ./configure --prefix=/home/vagrant/local/lib

## --------- ##
## Platform. ##
## --------- ##

hostname = precise32
uname -m = i686
uname -r = 3.2.0-23-generic-pae
uname -s = Linux
uname -v = #36-Ubuntu SMP Tue Apr 10 22:19:09 UTC 2012

/usr/bin/uname -p = unknown
/bin/uname -X     = unknown

/bin/arch              = unknown
/usr/bin/arch -k       = unknown
/usr/convex/getsysinfo = unknown
/usr/bin/hostinfo      = unknown
/bin/machine           = unknown
/usr/bin/oslevel       = unknown
/bin/universe          = unknown

PATH: /home/vagrant/bin
PATH: /home/vagrant/kudu/bin
PATH: /home/vagrant/.rvm/gems/ruby-1.9.3-p429/bin
PATH: /home/vagrant/.rvm/gems/ruby-1.9.3-p429@global/bin
PATH: /home/vagrant/.rvm/rubies/ruby-1.9.3-p429/bin
PATH: /home/vagrant/.rvm/bin
PATH: /usr/local/sbin
PATH: /usr/local/bin
PATH: /usr/sbin
PATH: /usr/bin
PATH: /sbin
PATH: /bin
PATH: /usr/games
PATH: /opt/vagrant_ruby/bin


## ----------- ##
## Core tests. ##
## ----------- ##

configure:2228: checking build system type
configure:2242: result: i686-pc-linux-gnu
configure:2262: checking host system type
configure:2275: result: i686-pc-linux-gnu
configure:2316: checking how to print strings
configure:2343: result: printf
configure:2412: checking for gcc
configure:2428: found /usr/bin/gcc
configure:2439: result: gcc
configure:2668: checking for C compiler version
configure:2677: gcc --version >&5
gcc (Ubuntu/Linaro 4.6.3-1ubuntu5) 4.6.3
Copyright (C) 2011 Free Software Foundation, Inc.
This is free software; see the source for copying conditions.  There is NO
warranty; not even for MERCHANTABILITY or FITNESS FOR A PARTICULAR PURPOSE.

configure:2688: $? = 0
configure:2677: gcc -v >&5
Using built-in specs.
COLLECT_GCC=gcc
COLLECT_LTO_WRAPPER=/usr/lib/gcc/i686-linux-gnu/4.6/lto-wrapper
Target: i686-linux-gnu
Configured with: ../src/configure -v --with-pkgversion='Ubuntu/Linaro 4.6.3-1ubuntu5' --with-bugurl=file:///usr/share/doc/gcc-4.6/README.Bugs --enable-languages=c,c++,fortran,objc,obj-c++ --prefix=/usr --program-suffix=-4.6 --enable-shared --enable-linker-build-id --with-system-zlib --libexecdir=/usr/lib --without-included-gettext --enable-threads=posix --with-gxx-include-dir=/usr/include/c++/4.6 --libdir=/usr/lib --enable-nls --with-sysroot=/ --enable-clocale=gnu --enable-libstdcxx-debug --enable-libstdcxx-time=yes --enable-gnu-unique-object --enable-plugin --enable-objc-gc --enable-targets=all --disable-werror --with-arch-32=i686 --with-tune=generic --enable-checking=release --build=i686-linux-gnu --host=i686-linux-gnu --target=i686-linux-gnu
Thread model: posix
gcc version 4.6.3 (Ubuntu/Linaro 4.6.3-1ubuntu5) 
configure:2688: $? = 0
configure:2677: gcc -V >&5
gcc: error: unrecognized option '-V'
gcc: fatal error: no input files
compilation terminated.
configure:2688: $? = 4
configure:2677: gcc -qversion >&5
gcc: error: unrecognized option '-qversion'
gcc: fatal error: no input files
compilation terminated.
configure:2688: $? = 4
configure:2708: checking whether the C compiler works
configure:2730: gcc    conftest.c  >&5
configure:2734: $? = 0
configure:2782: result: yes
configure:2785: checking for C compiler default output file name
configure:2787: result: a.out
configure:2793: checking for suffix of executables
configure:2800: gcc -o conftest    conftest.c  >&5
configure:2804: $? = 0
configure:2826: result: 
configure:2848: checking whether we are cross compiling
configure:2856: gcc -o conftest    conftest.c  >&5
configure:2860: $? = 0
configure:2867: ./conftest
configure:2871: $? = 0
configure:2886: result: no
configure:2891: checking for suffix of object files
configure:2913: gcc -c   conftest.c >&5
configure:2917: $? = 0
configure:2938: result: o
configure:2942: checking whether we are using the GNU C compiler
configure:2961: gcc -c   conftest.c >&5
configure:2961: $? = 0
configure:2970: result: yes
configure:2979: checking whether gcc accepts -g
configure:2999: gcc -c -g  conftest.c >&5
configure:2999: $? = 0
configure:3040: result: yes
configure:3057: checking for gcc option to accept ISO C89
configure:3121: gcc  -c -g -O2  conftest.c >&5
configure:3121: $? = 0
configure:3134: result: none needed
configure:3154: checking for a sed that does not truncate output
configure:3218: result: /bin/sed
configure:3236: checking for grep that handles long lines and -e
configure:3294: result: /bin/grep
configure:3299: checking for egrep
configure:3361: result: /bin/grep -E
configure:3366: checking for fgrep
configure:3428: result: /bin/grep -F
configure:3463: checking for ld used by gcc
configure:3530: result: /usr/bin/ld
configure:3537: checking if the linker (/usr/bin/ld) is GNU ld
configure:3552: result: yes
configure:3564: checking for BSD- or MS-compatible name lister (nm)
configure:3613: result: /usr/bin/nm -B
configure:3743: checking the name lister (/usr/bin/nm -B) interface
configure:3750: gcc -c -g -O2  conftest.c >&5
configure:3753: /usr/bin/nm -B "conftest.o"
configure:3756: output
00000000 B some_variable
configure:3763: result: BSD nm
configure:3766: checking whether ln -s works
configure:3773: result: no, using cp -p
configure:3778: checking the maximum length of command line arguments
configure:3908: result: 1572864
configure:3925: checking whether the shell understands some XSI constructs
configure:3935: result: yes
configure:3939: checking whether the shell understands "+="
configure:3945: result: yes
configure:3980: checking how to convert i686-pc-linux-gnu file names to i686-pc-linux-gnu format
configure:4020: result: func_convert_file_noop
configure:4027: checking how to convert i686-pc-linux-gnu file names to toolchain format
configure:4047: result: func_convert_file_noop
configure:4054: checking for /usr/bin/ld option to reload object files
configure:4061: result: -r
configure:4135: checking for objdump
configure:4151: found /usr/bin/objdump
configure:4162: result: objdump
configure:4194: checking how to recognize dependent libraries
configure:4396: result: pass_all
configure:4481: checking for dlltool
configure:4511: result: no
configure:4541: checking how to associate runtime and link libraries
configure:4568: result: printf %s\n
configure:4629: checking for ar
configure:4645: found /usr/bin/ar
configure:4656: result: ar
configure:4693: checking for archiver @FILE support
configure:4710: gcc -c -g -O2  conftest.c >&5
configure:4710: $? = 0
configure:4713: ar cru libconftest.a @conftest.lst >&5
configure:4716: $? = 0
configure:4721: ar cru libconftest.a @conftest.lst >&5
ar: conftest.o: No such file or directory
configure:4724: $? = 1
configure:4736: result: @
configure:4794: checking for strip
configure:4810: found /usr/bin/strip
configure:4821: result: strip
configure:4893: checking for ranlib
configure:4909: found /usr/bin/ranlib
configure:4920: result: ranlib
configure:4997: checking for gawk
configure:5013: found /usr/bin/gawk
configure:5024: result: gawk
configure:5064: checking command to parse /usr/bin/nm -B output from gcc object
configure:5184: gcc -c -g -O2  conftest.c >&5
configure:5187: $? = 0
configure:5191: /usr/bin/nm -B conftest.o \| sed -n -e 's/^.*[ ]\([ABCDGIRSTW][ABCDGIRSTW]*\)[ ][ ]*\([_A-Za-z][_A-Za-z0-9]*\)$/\1 \2 \2/p' | sed '/ __gnu_lto/d' \> conftest.nm
configure:5194: $? = 0
configure:5260: gcc -o conftest -g -O2   conftest.c conftstm.o >&5
configure:5263: $? = 0
configure:5301: result: ok
configure:5338: checking for sysroot
configure:5368: result: no
configure:5624: checking for mt
configure:5640: found /bin/mt
configure:5651: result: mt
configure:5674: checking if mt is a manifest tool
configure:5680: mt '-?'
configure:5688: result: no
configure:6330: checking how to run the C preprocessor
configure:6361: gcc -E  conftest.c
configure:6361: $? = 0
configure:6375: gcc -E  conftest.c
conftest.c:9:28: fatal error: ac_nonexistent.h: No such file or directory
compilation terminated.
configure:6375: $? = 1
configure: failed program was:
| /* confdefs.h */
| #define PACKAGE_NAME "leptonica"
| #define PACKAGE_TARNAME "leptonica"
| #define PACKAGE_VERSION "1.69"
| #define PACKAGE_STRING "leptonica 1.69"
| #define PACKAGE_BUGREPORT "dan.bloomberg@gmail.com"
| #define PACKAGE_URL ""
| /* end confdefs.h.  */
| #include <ac_nonexistent.h>
configure:6400: result: gcc -E
configure:6420: gcc -E  conftest.c
configure:6420: $? = 0
configure:6434: gcc -E  conftest.c
conftest.c:9:28: fatal error: ac_nonexistent.h: No such file or directory
compilation terminated.
configure:6434: $? = 1
configure: failed program was:
| /* confdefs.h */
| #define PACKAGE_NAME "leptonica"
| #define PACKAGE_TARNAME "leptonica"
| #define PACKAGE_VERSION "1.69"
| #define PACKAGE_STRING "leptonica 1.69"
| #define PACKAGE_BUGREPORT "dan.bloomberg@gmail.com"
| #define PACKAGE_URL ""
| /* end confdefs.h.  */
| #include <ac_nonexistent.h>
configure:6463: checking for ANSI C header files
configure:6483: gcc -c -g -O2  conftest.c >&5
configure:6483: $? = 0
configure:6556: gcc -o conftest -g -O2   conftest.c  >&5
configure:6556: $? = 0
configure:6556: ./conftest
configure:6556: $? = 0
configure:6567: result: yes
configure:6580: checking for sys/types.h
configure:6580: gcc -c -g -O2  conftest.c >&5
configure:6580: $? = 0
configure:6580: result: yes
configure:6580: checking for sys/stat.h
configure:6580: gcc -c -g -O2  conftest.c >&5
configure:6580: $? = 0
configure:6580: result: yes
configure:6580: checking for stdlib.h
configure:6580: gcc -c -g -O2  conftest.c >&5
configure:6580: $? = 0
configure:6580: result: yes
configure:6580: checking for string.h
configure:6580: gcc -c -g -O2  conftest.c >&5
configure:6580: $? = 0
configure:6580: result: yes
configure:6580: checking for memory.h
configure:6580: gcc -c -g -O2  conftest.c >&5
configure:6580: $? = 0
configure:6580: result: yes
configure:6580: checking for strings.h
configure:6580: gcc -c -g -O2  conftest.c >&5
configure:6580: $? = 0
configure:6580: result: yes
configure:6580: checking for inttypes.h
configure:6580: gcc -c -g -O2  conftest.c >&5
configure:6580: $? = 0
configure:6580: result: yes
configure:6580: checking for stdint.h
configure:6580: gcc -c -g -O2  conftest.c >&5
configure:6580: $? = 0
configure:6580: result: yes
configure:6580: checking for unistd.h
configure:6580: gcc -c -g -O2  conftest.c >&5
configure:6580: $? = 0
configure:6580: result: yes
configure:6594: checking for dlfcn.h
configure:6594: gcc -c -g -O2  conftest.c >&5
configure:6594: $? = 0
configure:6594: result: yes
configure:6800: checking for objdir
configure:6815: result: .libs
configure:7082: checking if gcc supports -fno-rtti -fno-exceptions
configure:7100: gcc -c -g -O2  -fno-rtti -fno-exceptions conftest.c >&5
cc1: warning: command line option '-fno-rtti' is valid for C++/ObjC++ but not for C [enabled by default]
configure:7104: $? = 0
configure:7117: result: no
configure:7444: checking for gcc option to produce PIC
configure:7451: result: -fPIC -DPIC
configure:7459: checking if gcc PIC flag -fPIC -DPIC works
configure:7477: gcc -c -g -O2  -fPIC -DPIC -DPIC conftest.c >&5
configure:7481: $? = 0
configure:7494: result: yes
configure:7523: checking if gcc static flag -static works
configure:7551: result: yes
configure:7566: checking if gcc supports -c -o file.o
configure:7587: gcc -c -g -O2  -o out/conftest2.o conftest.c >&5
configure:7591: $? = 0
configure:7613: result: yes
configure:7621: checking if gcc supports -c -o file.o
configure:7668: result: yes
configure:7701: checking whether the gcc linker (/usr/bin/ld) supports shared libraries
configure:8858: result: yes
configure:8895: checking whether -lc should be explicitly linked in
configure:8903: gcc -c -g -O2  conftest.c >&5
configure:8906: $? = 0
configure:8921: gcc -shared  -fPIC -DPIC conftest.o  -v -Wl,-soname -Wl,conftest -o conftest 2\>\&1 \| /bin/grep  -lc  \>/dev/null 2\>\&1
configure:8924: $? = 0
configure:8938: result: no
configure:9098: checking dynamic linker characteristics
configure:9609: gcc -o conftest -g -O2   -Wl,-rpath -Wl,/foo conftest.c  >&5
configure:9609: $? = 0
configure:9843: result: GNU/Linux ld.so
configure:9950: checking how to hardcode library paths into programs
configure:9975: result: immediate
configure:10515: checking whether stripping libraries is possible
configure:10520: result: yes
configure:10555: checking if libtool supports shared libraries
configure:10557: result: yes
configure:10560: checking whether to build shared libraries
configure:10581: result: yes
configure:10584: checking whether to build static libraries
configure:10588: result: yes
configure:10642: checking for a BSD-compatible install
configure:10710: result: /usr/bin/install -c
configure:10721: checking whether build environment is sane
configure:10771: result: yes
configure:10912: checking for a thread-safe mkdir -p
configure:10951: result: /bin/mkdir -p
configure:10960: checking whether make sets $(MAKE)
configure:10982: result: yes
configure:11012: checking for style of include used by make
configure:11040: result: GNU
configure:11126: checking dependency style of gcc
configure:11237: result: gcc3
configure:11266: checking for gawk
configure:11293: result: gawk
configure:11352: checking for gcc
configure:11379: result: gcc
configure:11608: checking for C compiler version
configure:11617: gcc --version >&5
gcc (Ubuntu/Linaro 4.6.3-1ubuntu5) 4.6.3
Copyright (C) 2011 Free Software Foundation, Inc.
This is free software; see the source for copying conditions.  There is NO
warranty; not even for MERCHANTABILITY or FITNESS FOR A PARTICULAR PURPOSE.

configure:11628: $? = 0
configure:11617: gcc -v >&5
Using built-in specs.
COLLECT_GCC=gcc
COLLECT_LTO_WRAPPER=/usr/lib/gcc/i686-linux-gnu/4.6/lto-wrapper
Target: i686-linux-gnu
Configured with: ../src/configure -v --with-pkgversion='Ubuntu/Linaro 4.6.3-1ubuntu5' --with-bugurl=file:///usr/share/doc/gcc-4.6/README.Bugs --enable-languages=c,c++,fortran,objc,obj-c++ --prefix=/usr --program-suffix=-4.6 --enable-shared --enable-linker-build-id --with-system-zlib --libexecdir=/usr/lib --without-included-gettext --enable-threads=posix --with-gxx-include-dir=/usr/include/c++/4.6 --libdir=/usr/lib --enable-nls --with-sysroot=/ --enable-clocale=gnu --enable-libstdcxx-debug --enable-libstdcxx-time=yes --enable-gnu-unique-object --enable-plugin --enable-objc-gc --enable-targets=all --disable-werror --with-arch-32=i686 --with-tune=generic --enable-checking=release --build=i686-linux-gnu --host=i686-linux-gnu --target=i686-linux-gnu
Thread model: posix
gcc version 4.6.3 (Ubuntu/Linaro 4.6.3-1ubuntu5) 
configure:11628: $? = 0
configure:11617: gcc -V >&5
gcc: error: unrecognized option '-V'
gcc: fatal error: no input files
compilation terminated.
configure:11628: $? = 4
configure:11617: gcc -qversion >&5
gcc: error: unrecognized option '-qversion'
gcc: fatal error: no input files
compilation terminated.
configure:11628: $? = 4
configure:11632: checking whether we are using the GNU C compiler
configure:11660: result: yes
configure:11669: checking whether gcc accepts -g
configure:11730: result: yes
configure:11747: checking for gcc option to accept ISO C89
configure:11824: result: none needed
configure:11849: checking how to run the C preprocessor
configure:11919: result: gcc -E
configure:11939: gcc -E  conftest.c
configure:11939: $? = 0
configure:11953: gcc -E  conftest.c
conftest.c:23:28: fatal error: ac_nonexistent.h: No such file or directory
compilation terminated.
configure:11953: $? = 1
configure: failed program was:
| /* confdefs.h */
| #define PACKAGE_NAME "leptonica"
| #define PACKAGE_TARNAME "leptonica"
| #define PACKAGE_VERSION "1.69"
| #define PACKAGE_STRING "leptonica 1.69"
| #define PACKAGE_BUGREPORT "dan.bloomberg@gmail.com"
| #define PACKAGE_URL ""
| #define STDC_HEADERS 1
| #define HAVE_SYS_TYPES_H 1
| #define HAVE_SYS_STAT_H 1
| #define HAVE_STDLIB_H 1
| #define HAVE_STRING_H 1
| #define HAVE_MEMORY_H 1
| #define HAVE_STRINGS_H 1
| #define HAVE_INTTYPES_H 1
| #define HAVE_STDINT_H 1
| #define HAVE_UNISTD_H 1
| #define HAVE_DLFCN_H 1
| #define LT_OBJDIR ".libs/"
| #define PACKAGE "leptonica"
| #define VERSION "1.69"
| /* end confdefs.h.  */
| #include <ac_nonexistent.h>
configure:11983: checking whether ln -s works
configure:11990: result: no, using cp -p
configure:11994: checking whether make sets $(MAKE)
configure:12016: result: yes
configure:12161: checking for cos in -lm
configure:12186: gcc -o conftest -g -O2   conftest.c -lm   >&5
conftest.c:30:6: warning: conflicting types for built-in function 'cos' [enabled by default]
configure:12186: $? = 0
configure:12195: result: yes
configure:12207: checking for deflate in -lz
configure:12232: gcc -o conftest -g -O2   conftest.c -lz   >&5
configure:12232: $? = 0
configure:12241: result: yes
configure:12259: checking for png_read_png in -lpng
configure:12284: gcc -o conftest -g -O2   conftest.c -lpng   >&5
configure:12284: $? = 0
configure:12293: result: yes
configure:12311: checking for jpeg_read_scanlines in -ljpeg
configure:12336: gcc -o conftest -g -O2   conftest.c -ljpeg   >&5
configure:12336: $? = 0
configure:12345: result: yes
configure:12363: checking for DGifOpenFileHandle in -lgif
configure:12388: gcc -o conftest -g -O2   conftest.c -lgif   >&5
/usr/bin/ld: cannot find -lgif
collect2: ld returned 1 exit status
configure:12388: $? = 1
configure: failed program was:
| /* confdefs.h */
| #define PACKAGE_NAME "leptonica"
| #define PACKAGE_TARNAME "leptonica"
| #define PACKAGE_VERSION "1.69"
| #define PACKAGE_STRING "leptonica 1.69"
| #define PACKAGE_BUGREPORT "dan.bloomberg@gmail.com"
| #define PACKAGE_URL ""
| #define STDC_HEADERS 1
| #define HAVE_SYS_TYPES_H 1
| #define HAVE_SYS_STAT_H 1
| #define HAVE_STDLIB_H 1
| #define HAVE_STRING_H 1
| #define HAVE_MEMORY_H 1
| #define HAVE_STRINGS_H 1
| #define HAVE_INTTYPES_H 1
| #define HAVE_STDINT_H 1
| #define HAVE_UNISTD_H 1
| #define HAVE_DLFCN_H 1
| #define LT_OBJDIR ".libs/"
| #define PACKAGE "leptonica"
| #define VERSION "1.69"
| #define HAVE_LIBZ 1
| #define HAVE_LIBPNG 1
| #define HAVE_LIBJPEG 1
| /* end confdefs.h.  */
| 
| /* Override any GCC internal prototype to avoid an error.
|    Use char because int might match the return type of a GCC
|    builtin and then its argument prototype would still apply.  */
| #ifdef __cplusplus
| extern "C"
| #endif
| char DGifOpenFileHandle ();
| int
| main ()
| {
| return DGifOpenFileHandle ();
|   ;
|   return 0;
| }
configure:12397: result: no
configure:12415: checking for TIFFOpen in -ltiff
configure:12441: gcc -o conftest -g -O2   conftest.c -ltiff -lz -ljpeg
    >&5
configure:12441: $? = 0
configure:12450: result: yes
configure:12467: checking for WebPGetInfo in -lwebp
configure:12492: gcc -o conftest -g -O2   conftest.c -lwebp   >&5
/usr/bin/ld: cannot find -lwebp
collect2: ld returned 1 exit status
configure:12492: $? = 1
configure: failed program was:
| /* confdefs.h */
| #define PACKAGE_NAME "leptonica"
| #define PACKAGE_TARNAME "leptonica"
| #define PACKAGE_VERSION "1.69"
| #define PACKAGE_STRING "leptonica 1.69"
| #define PACKAGE_BUGREPORT "dan.bloomberg@gmail.com"
| #define PACKAGE_URL ""
| #define STDC_HEADERS 1
| #define HAVE_SYS_TYPES_H 1
| #define HAVE_SYS_STAT_H 1
| #define HAVE_STDLIB_H 1
| #define HAVE_STRING_H 1
| #define HAVE_MEMORY_H 1
| #define HAVE_STRINGS_H 1
| #define HAVE_INTTYPES_H 1
| #define HAVE_STDINT_H 1
| #define HAVE_UNISTD_H 1
| #define HAVE_DLFCN_H 1
| #define LT_OBJDIR ".libs/"
| #define PACKAGE "leptonica"
| #define VERSION "1.69"
| #define HAVE_LIBZ 1
| #define HAVE_LIBPNG 1
| #define HAVE_LIBJPEG 1
| #define HAVE_LIBTIFF 1
| /* end confdefs.h.  */
| 
| /* Override any GCC internal prototype to avoid an error.
|    Use char because int might match the return type of a GCC
|    builtin and then its argument prototype would still apply.  */
| #ifdef __cplusplus
| extern "C"
| #endif
| char WebPGetInfo ();
| int
| main ()
| {
| return WebPGetInfo ();
|   ;
|   return 0;
| }
configure:12501: result: no
configure:12524: checking for size_t
configure:12524: gcc -c -g -O2  conftest.c >&5
configure:12524: $? = 0
configure:12524: gcc -c -g -O2  conftest.c >&5
conftest.c: In function 'main':
conftest.c:63:21: error: expected expression before ')' token
configure:12524: $? = 1
configure: failed program was:
| /* confdefs.h */
| #define PACKAGE_NAME "leptonica"
| #define PACKAGE_TARNAME "leptonica"
| #define PACKAGE_VERSION "1.69"
| #define PACKAGE_STRING "leptonica 1.69"
| #define PACKAGE_BUGREPORT "dan.bloomberg@gmail.com"
| #define PACKAGE_URL ""
| #define STDC_HEADERS 1
| #define HAVE_SYS_TYPES_H 1
| #define HAVE_SYS_STAT_H 1
| #define HAVE_STDLIB_H 1
| #define HAVE_STRING_H 1
| #define HAVE_MEMORY_H 1
| #define HAVE_STRINGS_H 1
| #define HAVE_INTTYPES_H 1
| #define HAVE_STDINT_H 1
| #define HAVE_UNISTD_H 1
| #define HAVE_DLFCN_H 1
| #define LT_OBJDIR ".libs/"
| #define PACKAGE "leptonica"
| #define VERSION "1.69"
| #define HAVE_LIBZ 1
| #define HAVE_LIBPNG 1
| #define HAVE_LIBJPEG 1
| #define HAVE_LIBTIFF 1
| /* end confdefs.h.  */
| #include <stdio.h>
| #ifdef HAVE_SYS_TYPES_H
| # include <sys/types.h>
| #endif
| #ifdef HAVE_SYS_STAT_H
| # include <sys/stat.h>
| #endif
| #ifdef STDC_HEADERS
| # include <stdlib.h>
| # include <stddef.h>
| #else
| # ifdef HAVE_STDLIB_H
| #  include <stdlib.h>
| # endif
| #endif
| #ifdef HAVE_STRING_H
| # if !defined STDC_HEADERS && defined HAVE_MEMORY_H
| #  include <memory.h>
| # endif
| # include <string.h>
| #endif
| #ifdef HAVE_STRINGS_H
| # include <strings.h>
| #endif
| #ifdef HAVE_INTTYPES_H
| # include <inttypes.h>
| #endif
| #ifdef HAVE_STDINT_H
| # include <stdint.h>
| #endif
| #ifdef HAVE_UNISTD_H
| # include <unistd.h>
| #endif
| int
| main ()
| {
| if (sizeof ((size_t)))
| 	    return 0;
|   ;
|   return 0;
| }
configure:12524: result: yes
configure:12535: checking whether byte ordering is bigendian
configure:12550: gcc -c -g -O2  conftest.c >&5
conftest.c:28:9: error: unknown type name 'not'
conftest.c:28:15: error: expected '=', ',', ';', 'asm' or '__attribute__' before 'universal'
conftest.c:28:15: error: unknown type name 'universal'
configure:12550: $? = 1
configure: failed program was:
| /* confdefs.h */
| #define PACKAGE_NAME "leptonica"
| #define PACKAGE_TARNAME "leptonica"
| #define PACKAGE_VERSION "1.69"
| #define PACKAGE_STRING "leptonica 1.69"
| #define PACKAGE_BUGREPORT "dan.bloomberg@gmail.com"
| #define PACKAGE_URL ""
| #define STDC_HEADERS 1
| #define HAVE_SYS_TYPES_H 1
| #define HAVE_SYS_STAT_H 1
| #define HAVE_STDLIB_H 1
| #define HAVE_STRING_H 1
| #define HAVE_MEMORY_H 1
| #define HAVE_STRINGS_H 1
| #define HAVE_INTTYPES_H 1
| #define HAVE_STDINT_H 1
| #define HAVE_UNISTD_H 1
| #define HAVE_DLFCN_H 1
| #define LT_OBJDIR ".libs/"
| #define PACKAGE "leptonica"
| #define VERSION "1.69"
| #define HAVE_LIBZ 1
| #define HAVE_LIBPNG 1
| #define HAVE_LIBJPEG 1
| #define HAVE_LIBTIFF 1
| /* end confdefs.h.  */
| #ifndef __APPLE_CC__
| 	       not a universal capable compiler
| 	     #endif
| 	     typedef int dummy;
| 
configure:12595: gcc -c -g -O2  conftest.c >&5
configure:12595: $? = 0
configure:12613: gcc -c -g -O2  conftest.c >&5
conftest.c: In function 'main':
conftest.c:34:4: error: unknown type name 'not'
conftest.c:34:12: error: expected '=', ',', ';', 'asm' or '__attribute__' before 'endian'
configure:12613: $? = 1
configure: failed program was:
| /* confdefs.h */
| #define PACKAGE_NAME "leptonica"
| #define PACKAGE_TARNAME "leptonica"
| #define PACKAGE_VERSION "1.69"
| #define PACKAGE_STRING "leptonica 1.69"
| #define PACKAGE_BUGREPORT "dan.bloomberg@gmail.com"
| #define PACKAGE_URL ""
| #define STDC_HEADERS 1
| #define HAVE_SYS_TYPES_H 1
| #define HAVE_SYS_STAT_H 1
| #define HAVE_STDLIB_H 1
| #define HAVE_STRING_H 1
| #define HAVE_MEMORY_H 1
| #define HAVE_STRINGS_H 1
| #define HAVE_INTTYPES_H 1
| #define HAVE_STDINT_H 1
| #define HAVE_UNISTD_H 1
| #define HAVE_DLFCN_H 1
| #define LT_OBJDIR ".libs/"
| #define PACKAGE "leptonica"
| #define VERSION "1.69"
| #define HAVE_LIBZ 1
| #define HAVE_LIBPNG 1
| #define HAVE_LIBJPEG 1
| #define HAVE_LIBTIFF 1
| /* end confdefs.h.  */
| #include <sys/types.h>
| 		#include <sys/param.h>
| 
| int
| main ()
| {
| #if BYTE_ORDER != BIG_ENDIAN
| 		 not big endian
| 		#endif
| 
|   ;
|   return 0;
| }
configure:12741: result: no
configure:12773: checking whether compiler supports -Wl,--as-needed
configure:12789: gcc -o conftest -g -O2  -Wl,--as-needed  conftest.c  >&5
configure:12789: $? = 0
configure:12790: result: yes
configure:12803: checking for fmemopen
configure:12803: gcc -o conftest -g -O2  -Wl,--as-needed  conftest.c  >&5
configure:12803: $? = 0
configure:12803: result: yes
configure:12950: creating ./config.status

## ---------------------- ##
## Running config.status. ##
## ---------------------- ##

This file was extended by leptonica config.status 1.69, which was
generated by GNU Autoconf 2.68.  Invocation command line was

  CONFIG_FILES    = 
  CONFIG_HEADERS  = 
  CONFIG_LINKS    = 
  CONFIG_COMMANDS = 
  $ ./config.status 

on precise32

config.status:1108: creating Makefile
config.status:1108: creating src/endianness.h
config.status:1108: creating src/Makefile
config.status:1108: creating prog/Makefile
config.status:1108: creating config_auto.h
config.status:1289: config_auto.h is unchanged
config.status:1337: executing libtool commands
config.status:1337: executing depfiles commands

## ---------------- ##
## Cache variables. ##
## ---------------- ##

ac_cv_build=i686-pc-linux-gnu
ac_cv_c_bigendian=no
ac_cv_c_compiler_gnu=yes
ac_cv_env_CC_set=
ac_cv_env_CC_value=
ac_cv_env_CFLAGS_set=
ac_cv_env_CFLAGS_value=
ac_cv_env_CPPFLAGS_set=
ac_cv_env_CPPFLAGS_value=
ac_cv_env_CPP_set=
ac_cv_env_CPP_value=
ac_cv_env_LDFLAGS_set=
ac_cv_env_LDFLAGS_value=
ac_cv_env_LIBS_set=
ac_cv_env_LIBS_value=
ac_cv_env_build_alias_set=
ac_cv_env_build_alias_value=
ac_cv_env_host_alias_set=
ac_cv_env_host_alias_value=
ac_cv_env_target_alias_set=
ac_cv_env_target_alias_value=
ac_cv_func_fmemopen=yes
ac_cv_header_dlfcn_h=yes
ac_cv_header_inttypes_h=yes
ac_cv_header_memory_h=yes
ac_cv_header_stdc=yes
ac_cv_header_stdint_h=yes
ac_cv_header_stdlib_h=yes
ac_cv_header_string_h=yes
ac_cv_header_strings_h=yes
ac_cv_header_sys_stat_h=yes
ac_cv_header_sys_types_h=yes
ac_cv_header_unistd_h=yes
ac_cv_host=i686-pc-linux-gnu
ac_cv_lib_gif_DGifOpenFileHandle=no
ac_cv_lib_jpeg_jpeg_read_scanlines=yes
ac_cv_lib_m_cos=yes
ac_cv_lib_png_png_read_png=yes
ac_cv_lib_tiff_TIFFOpen=yes
ac_cv_lib_webp_WebPGetInfo=no
ac_cv_lib_z_deflate=yes
ac_cv_objext=o
ac_cv_path_EGREP='/bin/grep -E'
ac_cv_path_FGREP='/bin/grep -F'
ac_cv_path_GREP=/bin/grep
ac_cv_path_SED=/bin/sed
ac_cv_path_install='/usr/bin/install -c'
ac_cv_path_mkdir=/bin/mkdir
ac_cv_prog_AWK=gawk
ac_cv_prog_CPP='gcc -E'
ac_cv_prog_ac_ct_AR=ar
ac_cv_prog_ac_ct_CC=gcc
ac_cv_prog_ac_ct_MANIFEST_TOOL=mt
ac_cv_prog_ac_ct_OBJDUMP=objdump
ac_cv_prog_ac_ct_RANLIB=ranlib
ac_cv_prog_ac_ct_STRIP=strip
ac_cv_prog_cc_c89=
ac_cv_prog_cc_g=yes
ac_cv_prog_make_make_set=yes
ac_cv_type_size_t=yes
am_cv_CC_dependencies_compiler_type=gcc3
lt_cv_ar_at_file=@
lt_cv_archive_cmds_need_lc=no
lt_cv_deplibs_check_method=pass_all
lt_cv_file_magic_cmd='$MAGIC_CMD'
lt_cv_file_magic_test_file=
lt_cv_ld_reload_flag=-r
lt_cv_nm_interface='BSD nm'
lt_cv_objdir=.libs
lt_cv_path_LD=/usr/bin/ld
lt_cv_path_NM='/usr/bin/nm -B'
lt_cv_path_mainfest_tool=no
lt_cv_prog_compiler_c_o=yes
lt_cv_prog_compiler_pic='-fPIC -DPIC'
lt_cv_prog_compiler_pic_works=yes
lt_cv_prog_compiler_rtti_exceptions=no
lt_cv_prog_compiler_static_works=yes
lt_cv_prog_gnu_ld=yes
lt_cv_sharedlib_from_linklib_cmd='printf %s\n'
lt_cv_shlibpath_overrides_runpath=no
lt_cv_sys_global_symbol_pipe='sed -n -e '\''s/^.*[	 ]\([ABCDGIRSTW][ABCDGIRSTW]*\)[	 ][	 ]*\([_A-Za-z][_A-Za-z0-9]*\)$/\1 \2 \2/p'\'' | sed '\''/ __gnu_lto/d'\'''
lt_cv_sys_global_symbol_to_c_name_address='sed -n -e '\''s/^: \([^ ]*\)[ ]*$/  {\"\1\", (void *) 0},/p'\'' -e '\''s/^[ABCDGIRSTW]* \([^ ]*\) \([^ ]*\)$/  {"\2", (void *) \&\2},/p'\'''
lt_cv_sys_global_symbol_to_c_name_address_lib_prefix='sed -n -e '\''s/^: \([^ ]*\)[ ]*$/  {\"\1\", (void *) 0},/p'\'' -e '\''s/^[ABCDGIRSTW]* \([^ ]*\) \(lib[^ ]*\)$/  {"\2", (void *) \&\2},/p'\'' -e '\''s/^[ABCDGIRSTW]* \([^ ]*\) \([^ ]*\)$/  {"lib\2", (void *) \&\2},/p'\'''
lt_cv_sys_global_symbol_to_cdecl='sed -n -e '\''s/^T .* \(.*\)$/extern int \1();/p'\'' -e '\''s/^[ABCDGIRSTW]* .* \(.*\)$/extern char \1;/p'\'''
lt_cv_sys_max_cmd_len=1572864
lt_cv_to_host_file_cmd=func_convert_file_noop
lt_cv_to_tool_file_cmd=func_convert_file_noop

## ----------------- ##
## Output variables. ##
## ----------------- ##

ACLOCAL='${SHELL} /vagrant/Tesseract/leptonica-1.69/config/missing --run aclocal-1.11'
AMDEPBACKSLASH='\'
AMDEP_FALSE='#'
AMDEP_TRUE=''
AMTAR='$${TAR-tar}'
APPLE_UNIVERSAL_BUILD='0'
AR='ar'
AUTOCONF='${SHELL} /vagrant/Tesseract/leptonica-1.69/config/missing --run autoconf'
AUTOHEADER='${SHELL} /vagrant/Tesseract/leptonica-1.69/config/missing --run autoheader'
AUTOMAKE='${SHELL} /vagrant/Tesseract/leptonica-1.69/config/missing --run automake-1.11'
AWK='gawk'
CC='gcc'
CCDEPMODE='depmode=gcc3'
CFLAGS='-g -O2'
CPP='gcc -E'
CPPFLAGS=''
CYGPATH_W='echo'
DEFS='-DHAVE_CONFIG_H'
DEPDIR='.deps'
DLLTOOL='false'
DSYMUTIL=''
DUMPBIN=''
ECHO_C=''
ECHO_N='-n'
ECHO_T=''
EGREP='/bin/grep -E'
ENABLE_PROGRAMS_FALSE='#'
ENABLE_PROGRAMS_TRUE=''
ENDIANNESS='L_LITTLE_ENDIAN'
EXEEXT=''
FGREP='/bin/grep -F'
GDI_LIBS=''
GIFLIB_LIBS=''
GREP='/bin/grep'
INSTALL_DATA='${INSTALL} -m 644'
INSTALL_PROGRAM='${INSTALL}'
INSTALL_SCRIPT='${INSTALL}'
INSTALL_STRIP_PROGRAM='$(install_sh) -c -s'
JPEG_LIBS='-ljpeg'
LD='/usr/bin/ld'
LDFLAGS='-Wl,--as-needed '
LIBM='-lm'
LIBOBJS=''
LIBPNG_LIBS='-lpng'
LIBS=''
LIBTIFF_LIBS='-ltiff'
LIBTOOL='$(SHELL) $(top_builddir)/libtool'
LIBWEBP_LIBS=''
LIPO=''
LN_S='cp -p'
LTLIBOBJS=''
MAKEINFO='${SHELL} /vagrant/Tesseract/leptonica-1.69/config/missing --run makeinfo'
MANIFEST_TOOL=':'
MKDIR_P='/bin/mkdir -p'
NM='/usr/bin/nm -B'
NMEDIT=''
OBJDUMP='objdump'
OBJEXT='o'
OTOOL64=''
OTOOL=''
PACKAGE='leptonica'
PACKAGE_BUGREPORT='dan.bloomberg@gmail.com'
PACKAGE_NAME='leptonica'
PACKAGE_STRING='leptonica 1.69'
PACKAGE_TARNAME='leptonica'
PACKAGE_URL=''
PACKAGE_VERSION='1.69'
PATH_SEPARATOR=':'
RANLIB='ranlib'
SED='/bin/sed'
SET_MAKE=''
SHELL='/bin/bash'
STRIP='strip'
VERSION='1.69'
ZLIB_LIBS='-lz'
ac_ct_AR='ar'
ac_ct_CC='gcc'
ac_ct_DUMPBIN=''
am__EXEEXT_FALSE=''
am__EXEEXT_TRUE='#'
am__fastdepCC_FALSE='#'
am__fastdepCC_TRUE=''
am__include='include'
am__isrc=''
am__leading_dot='.'
am__nodep='_no'
am__quote=''
am__tar='$${TAR-tar} chof - "$$tardir"'
am__untar='$${TAR-tar} xf -'
bindir='${exec_prefix}/bin'
build='i686-pc-linux-gnu'
build_alias=''
build_cpu='i686'
build_os='linux-gnu'
build_vendor='pc'
datadir='${datarootdir}'
datarootdir='${prefix}/share'
docdir='${datarootdir}/doc/${PACKAGE_TARNAME}'
dvidir='${docdir}'
exec_prefix='${prefix}'
host='i686-pc-linux-gnu'
host_alias=''
host_cpu='i686'
host_os='linux-gnu'
host_vendor='pc'
htmldir='${docdir}'
includedir='${prefix}/include'
infodir='${datarootdir}/info'
install_sh='${SHELL} /vagrant/Tesseract/leptonica-1.69/config/install-sh'
libdir='${exec_prefix}/lib'
libexecdir='${exec_prefix}/libexec'
localedir='${datarootdir}/locale'
localstatedir='${prefix}/var'
mandir='${datarootdir}/man'
mkdir_p='/bin/mkdir -p'
oldincludedir='/usr/include'
pdfdir='${docdir}'
prefix='/home/vagrant/local/lib'
program_transform_name='s,x,x,'
psdir='${docdir}'
sbindir='${exec_prefix}/sbin'
sharedstatedir='${prefix}/com'
sysconfdir='${prefix}/etc'
target_alias=''

## ----------- ##
## confdefs.h. ##
## ----------- ##

/* confdefs.h */
#define PACKAGE_NAME "leptonica"
#define PACKAGE_TARNAME "leptonica"
#define PACKAGE_VERSION "1.69"
#define PACKAGE_STRING "leptonica 1.69"
#define PACKAGE_BUGREPORT "dan.bloomberg@gmail.com"
#define PACKAGE_URL ""
#define STDC_HEADERS 1
#define HAVE_SYS_TYPES_H 1
#define HAVE_SYS_STAT_H 1
#define HAVE_STDLIB_H 1
#define HAVE_STRING_H 1
#define HAVE_MEMORY_H 1
#define HAVE_STRINGS_H 1
#define HAVE_INTTYPES_H 1
#define HAVE_STDINT_H 1
#define HAVE_UNISTD_H 1
#define HAVE_DLFCN_H 1
#define LT_OBJDIR ".libs/"
#define PACKAGE "leptonica"
#define VERSION "1.69"
#define HAVE_LIBZ 1
#define HAVE_LIBPNG 1
#define HAVE_LIBJPEG 1
#define HAVE_LIBTIFF 1
#define HAVE_FMEMOPEN 1

configure: exit 0
